Epoch: [0]  [0/5]  eta: 0:01:18  lr: 0.001000  loss: 0.1608 (0.1608)  loss_classifier: 0.0307 (0.0307)  loss_box_reg: 0.0191 (0.0191)  loss_mask: 0.1081 (0.1081)  loss_objectness: 0.0023 (0.0023)  loss_rpn_box_reg: 0.0006 (0.0006)  time: 15.7255  data: 0.0008
Epoch: [0]  [1/5]  eta: 0:01:03  lr: 0.001000  loss: 0.1608 (0.2282)  loss_classifier: 0.0307 (0.0439)  loss_box_reg: 0.0191 (0.0335)  loss_mask: 0.1081 (0.1414)  loss_objectness: 0.0023 (0.0070)  loss_rpn_box_reg: 0.0006 (0.0024)  time: 15.7814  data: 0.0008
Epoch: [0]  [2/5]  eta: 0:00:48  lr: 0.001000  loss: 0.2955 (0.3972)  loss_classifier: 0.0570 (0.0868)  loss_box_reg: 0.0480 (0.0541)  loss_mask: 0.1746 (0.2164)  loss_objectness: 0.0117 (0.0339)  loss_rpn_box_reg: 0.0042 (0.0060)  time: 16.1438  data: 0.0009
Epoch: [0]  [3/5]  eta: 0:00:31  lr: 0.001000  loss: 0.1608 (0.3359)  loss_classifier: 0.0409 (0.0754)  loss_box_reg: 0.0254 (0.0469)  loss_mask: 0.1081 (0.1821)  loss_objectness: 0.0024 (0.0260)  loss_rpn_box_reg: 0.0041 (0.0055)  time: 15.7547  data: 0.0008
Epoch: [0]  [4/5]  eta: 0:00:15  lr: 0.001000  loss: 0.2955 (0.4212)  loss_classifier: 0.0570 (0.0980)  loss_box_reg: 0.0480 (0.0590)  loss_mask: 0.1746 (0.2262)  loss_objectness: 0.0117 (0.0321)  loss_rpn_box_reg: 0.0042 (0.0060)  time: 15.8620  data: 0.0008
Epoch: [0] Total time: 0:01:19 (15.8623 s / it)
Epoch: [1]  [0/5]  eta: 0:01:16  lr: 0.001000  loss: 0.1614 (0.1614)  loss_classifier: 0.0356 (0.0356)  loss_box_reg: 0.0199 (0.0199)  loss_mask: 0.1033 (0.1033)  loss_objectness: 0.0020 (0.0020)  loss_rpn_box_reg: 0.0006 (0.0006)  time: 15.3201  data: 0.0014
Epoch: [1]  [1/5]  eta: 0:01:01  lr: 0.001000  loss: 0.1614 (0.2163)  loss_classifier: 0.0356 (0.0489)  loss_box_reg: 0.0199 (0.0335)  loss_mask: 0.1033 (0.1271)  loss_objectness: 0.0020 (0.0045)  loss_rpn_box_reg: 0.0006 (0.0024)  time: 15.3416  data: 0.0012
Epoch: [1]  [2/5]  eta: 0:00:47  lr: 0.001000  loss: 0.2713 (0.3321)  loss_classifier: 0.0621 (0.0772)  loss_box_reg: 0.0471 (0.0577)  loss_mask: 0.1509 (0.1763)  loss_objectness: 0.0069 (0.0177)  loss_rpn_box_reg: 0.0043 (0.0032)  time: 15.9324  data: 0.0010
Epoch: [1]  [3/5]  eta: 0:00:30  lr: 0.001000  loss: 0.1614 (0.2842)  loss_classifier: 0.0377 (0.0673)  loss_box_reg: 0.0211 (0.0486)  loss_mask: 0.1033 (0.1509)  loss_objectness: 0.0036 (0.0142)  loss_rpn_box_reg: 0.0032 (0.0032)  time: 15.4079  data: 0.0010
Epoch: [1]  [4/5]  eta: 0:00:15  lr: 0.001000  loss: 0.2713 (0.3697)  loss_classifier: 0.0621 (0.0867)  loss_box_reg: 0.0471 (0.0604)  loss_mask: 0.1509 (0.1949)  loss_objectness: 0.0069 (0.0235)  loss_rpn_box_reg: 0.0043 (0.0042)  time: 15.5579  data: 0.0010
Epoch: [1] Total time: 0:01:17 (15.5583 s / it)
Epoch: [2]  [0/5]  eta: 0:01:12  lr: 0.001000  loss: 0.1591 (0.1591)  loss_classifier: 0.0350 (0.0350)  loss_box_reg: 0.0185 (0.0185)  loss_mask: 0.0971 (0.0971)  loss_objectness: 0.0078 (0.0078)  loss_rpn_box_reg: 0.0006 (0.0006)  time: 14.5607  data: 0.0025
Epoch: [2]  [1/5]  eta: 0:00:59  lr: 0.001000  loss: 0.1591 (0.2048)  loss_classifier: 0.0350 (0.0461)  loss_box_reg: 0.0185 (0.0313)  loss_mask: 0.0971 (0.1147)  loss_objectness: 0.0078 (0.0097)  loss_rpn_box_reg: 0.0006 (0.0029)  time: 14.9743  data: 0.0015
Epoch: [2]  [2/5]  eta: 0:00:47  lr: 0.001000  loss: 0.2506 (0.2959)  loss_classifier: 0.0573 (0.0642)  loss_box_reg: 0.0441 (0.0518)  loss_mask: 0.1323 (0.1608)  loss_objectness: 0.0116 (0.0153)  loss_rpn_box_reg: 0.0053 (0.0038)  time: 15.8667  data: 0.0012
Epoch: [2]  [3/5]  eta: 0:00:35  lr: 0.001000  loss: 0.1591 (0.2589)  loss_classifier: 0.0368 (0.0574)  loss_box_reg: 0.0288 (0.0460)  loss_mask: 0.0971 (0.1397)  loss_objectness: 0.0078 (0.0121)  loss_rpn_box_reg: 0.0034 (0.0037)  time: 17.9014  data: 0.0012
Epoch: [2]  [4/5]  eta: 0:00:19  lr: 0.001000  loss: 0.2506 (0.3264)  loss_classifier: 0.0573 (0.0690)  loss_box_reg: 0.0441 (0.0554)  loss_mask: 0.1323 (0.1792)  loss_objectness: 0.0116 (0.0186)  loss_rpn_box_reg: 0.0053 (0.0043)  time: 19.2219  data: 0.0011
Epoch: [2] Total time: 0:01:36 (19.2222 s / it)
Epoch: [0]  [0/5]  eta: 0:01:18  lr: 0.001000  loss: 0.1608 (0.1608)  loss_classifier: 0.0307 (0.0307)  loss_box_reg: 0.0191 (0.0191)  loss_mask: 0.1081 (0.1081)  loss_objectness: 0.0023 (0.0023)  loss_rpn_box_reg: 0.0006 (0.0006)  time: 15.7255  data: 0.0008
Epoch: [0]  [1/5]  eta: 0:01:03  lr: 0.001000  loss: 0.1608 (0.2282)  loss_classifier: 0.0307 (0.0439)  loss_box_reg: 0.0191 (0.0335)  loss_mask: 0.1081 (0.1414)  loss_objectness: 0.0023 (0.0070)  loss_rpn_box_reg: 0.0006 (0.0024)  time: 15.7814  data: 0.0008
Epoch: [0]  [2/5]  eta: 0:00:48  lr: 0.001000  loss: 0.2955 (0.3972)  loss_classifier: 0.0570 (0.0868)  loss_box_reg: 0.0480 (0.0541)  loss_mask: 0.1746 (0.2164)  loss_objectness: 0.0117 (0.0339)  loss_rpn_box_reg: 0.0042 (0.0060)  time: 16.1438  data: 0.0009
Epoch: [0]  [3/5]  eta: 0:00:31  lr: 0.001000  loss: 0.1608 (0.3359)  loss_classifier: 0.0409 (0.0754)  loss_box_reg: 0.0254 (0.0469)  loss_mask: 0.1081 (0.1821)  loss_objectness: 0.0024 (0.0260)  loss_rpn_box_reg: 0.0041 (0.0055)  time: 15.7547  data: 0.0008
Epoch: [0]  [4/5]  eta: 0:00:15  lr: 0.001000  loss: 0.2955 (0.4212)  loss_classifier: 0.0570 (0.0980)  loss_box_reg: 0.0480 (0.0590)  loss_mask: 0.1746 (0.2262)  loss_objectness: 0.0117 (0.0321)  loss_rpn_box_reg: 0.0042 (0.0060)  time: 15.8620  data: 0.0008
Epoch: [0] Total time: 0:01:19 (15.8623 s / it)
Epoch: [1]  [0/5]  eta: 0:01:16  lr: 0.001000  loss: 0.1614 (0.1614)  loss_classifier: 0.0356 (0.0356)  loss_box_reg: 0.0199 (0.0199)  loss_mask: 0.1033 (0.1033)  loss_objectness: 0.0020 (0.0020)  loss_rpn_box_reg: 0.0006 (0.0006)  time: 15.3201  data: 0.0014
Epoch: [1]  [1/5]  eta: 0:01:01  lr: 0.001000  loss: 0.1614 (0.2163)  loss_classifier: 0.0356 (0.0489)  loss_box_reg: 0.0199 (0.0335)  loss_mask: 0.1033 (0.1271)  loss_objectness: 0.0020 (0.0045)  loss_rpn_box_reg: 0.0006 (0.0024)  time: 15.3416  data: 0.0012
Epoch: [1]  [2/5]  eta: 0:00:47  lr: 0.001000  loss: 0.2713 (0.3321)  loss_classifier: 0.0621 (0.0772)  loss_box_reg: 0.0471 (0.0577)  loss_mask: 0.1509 (0.1763)  loss_objectness: 0.0069 (0.0177)  loss_rpn_box_reg: 0.0043 (0.0032)  time: 15.9324  data: 0.0010
Epoch: [1]  [3/5]  eta: 0:00:30  lr: 0.001000  loss: 0.1614 (0.2842)  loss_classifier: 0.0377 (0.0673)  loss_box_reg: 0.0211 (0.0486)  loss_mask: 0.1033 (0.1509)  loss_objectness: 0.0036 (0.0142)  loss_rpn_box_reg: 0.0032 (0.0032)  time: 15.4079  data: 0.0010
Epoch: [1]  [4/5]  eta: 0:00:15  lr: 0.001000  loss: 0.2713 (0.3697)  loss_classifier: 0.0621 (0.0867)  loss_box_reg: 0.0471 (0.0604)  loss_mask: 0.1509 (0.1949)  loss_objectness: 0.0069 (0.0235)  loss_rpn_box_reg: 0.0043 (0.0042)  time: 15.5579  data: 0.0010
Epoch: [1] Total time: 0:01:17 (15.5583 s / it)
Epoch: [2]  [0/5]  eta: 0:01:12  lr: 0.001000  loss: 0.1591 (0.1591)  loss_classifier: 0.0350 (0.0350)  loss_box_reg: 0.0185 (0.0185)  loss_mask: 0.0971 (0.0971)  loss_objectness: 0.0078 (0.0078)  loss_rpn_box_reg: 0.0006 (0.0006)  time: 14.5607  data: 0.0025
Epoch: [2]  [1/5]  eta: 0:00:59  lr: 0.001000  loss: 0.1591 (0.2048)  loss_classifier: 0.0350 (0.0461)  loss_box_reg: 0.0185 (0.0313)  loss_mask: 0.0971 (0.1147)  loss_objectness: 0.0078 (0.0097)  loss_rpn_box_reg: 0.0006 (0.0029)  time: 14.9743  data: 0.0015
Epoch: [2]  [2/5]  eta: 0:00:47  lr: 0.001000  loss: 0.2506 (0.2959)  loss_classifier: 0.0573 (0.0642)  loss_box_reg: 0.0441 (0.0518)  loss_mask: 0.1323 (0.1608)  loss_objectness: 0.0116 (0.0153)  loss_rpn_box_reg: 0.0053 (0.0038)  time: 15.8667  data: 0.0012
Epoch: [2]  [3/5]  eta: 0:00:35  lr: 0.001000  loss: 0.1591 (0.2589)  loss_classifier: 0.0368 (0.0574)  loss_box_reg: 0.0288 (0.0460)  loss_mask: 0.0971 (0.1397)  loss_objectness: 0.0078 (0.0121)  loss_rpn_box_reg: 0.0034 (0.0037)  time: 17.9014  data: 0.0012
Epoch: [2]  [4/5]  eta: 0:00:19  lr: 0.001000  loss: 0.2506 (0.3264)  loss_classifier: 0.0573 (0.0690)  loss_box_reg: 0.0441 (0.0554)  loss_mask: 0.1323 (0.1792)  loss_objectness: 0.0116 (0.0186)  loss_rpn_box_reg: 0.0053 (0.0043)  time: 19.2219  data: 0.0011
Epoch: [2] Total time: 0:01:36 (19.2222 s / it)
Epoch: [1]  [0/5]  eta: 0:01:16  lr: 0.001000  loss: 0.1614 (0.1614)  loss_classifier: 0.0356 (0.0356)  loss_box_reg: 0.0199 (0.0199)  loss_mask: 0.1033 (0.1033)  loss_objectness: 0.0020 (0.0020)  loss_rpn_box_reg: 0.0006 (0.0006)  time: 15.3201  data: 0.0014
Epoch: [1]  [1/5]  eta: 0:01:01  lr: 0.001000  loss: 0.1614 (0.2163)  loss_classifier: 0.0356 (0.0489)  loss_box_reg: 0.0199 (0.0335)  loss_mask: 0.1033 (0.1271)  loss_objectness: 0.0020 (0.0045)  loss_rpn_box_reg: 0.0006 (0.0024)  time: 15.3416  data: 0.0012
Epoch: [1]  [2/5]  eta: 0:00:47  lr: 0.001000  loss: 0.2713 (0.3321)  loss_classifier: 0.0621 (0.0772)  loss_box_reg: 0.0471 (0.0577)  loss_mask: 0.1509 (0.1763)  loss_objectness: 0.0069 (0.0177)  loss_rpn_box_reg: 0.0043 (0.0032)  time: 15.9324  data: 0.0010
Epoch: [1]  [3/5]  eta: 0:00:30  lr: 0.001000  loss: 0.1614 (0.2842)  loss_classifier: 0.0377 (0.0673)  loss_box_reg: 0.0211 (0.0486)  loss_mask: 0.1033 (0.1509)  loss_objectness: 0.0036 (0.0142)  loss_rpn_box_reg: 0.0032 (0.0032)  time: 15.4079  data: 0.0010
Epoch: [1]  [4/5]  eta: 0:00:15  lr: 0.001000  loss: 0.2713 (0.3697)  loss_classifier: 0.0621 (0.0867)  loss_box_reg: 0.0471 (0.0604)  loss_mask: 0.1509 (0.1949)  loss_objectness: 0.0069 (0.0235)  loss_rpn_box_reg: 0.0043 (0.0042)  time: 15.5579  data: 0.0010
Epoch: [1] Total time: 0:01:17 (15.5583 s / it)
Epoch: [2]  [0/5]  eta: 0:01:12  lr: 0.001000  loss: 0.1591 (0.1591)  loss_classifier: 0.0350 (0.0350)  loss_box_reg: 0.0185 (0.0185)  loss_mask: 0.0971 (0.0971)  loss_objectness: 0.0078 (0.0078)  loss_rpn_box_reg: 0.0006 (0.0006)  time: 14.5607  data: 0.0025
Epoch: [2]  [1/5]  eta: 0:00:59  lr: 0.001000  loss: 0.1591 (0.2048)  loss_classifier: 0.0350 (0.0461)  loss_box_reg: 0.0185 (0.0313)  loss_mask: 0.0971 (0.1147)  loss_objectness: 0.0078 (0.0097)  loss_rpn_box_reg: 0.0006 (0.0029)  time: 14.9743  data: 0.0015
Epoch: [2]  [2/5]  eta: 0:00:47  lr: 0.001000  loss: 0.2506 (0.2959)  loss_classifier: 0.0573 (0.0642)  loss_box_reg: 0.0441 (0.0518)  loss_mask: 0.1323 (0.1608)  loss_objectness: 0.0116 (0.0153)  loss_rpn_box_reg: 0.0053 (0.0038)  time: 15.8667  data: 0.0012
Epoch: [2]  [3/5]  eta: 0:00:35  lr: 0.001000  loss: 0.1591 (0.2589)  loss_classifier: 0.0368 (0.0574)  loss_box_reg: 0.0288 (0.0460)  loss_mask: 0.0971 (0.1397)  loss_objectness: 0.0078 (0.0121)  loss_rpn_box_reg: 0.0034 (0.0037)  time: 17.9014  data: 0.0012
Epoch: [2]  [4/5]  eta: 0:00:19  lr: 0.001000  loss: 0.2506 (0.3264)  loss_classifier: 0.0573 (0.0690)  loss_box_reg: 0.0441 (0.0554)  loss_mask: 0.1323 (0.1792)  loss_objectness: 0.0116 (0.0186)  loss_rpn_box_reg: 0.0053 (0.0043)  time: 19.2219  data: 0.0011
Epoch: [2] Total time: 0:01:36 (19.2222 s / it)
Epoch: [1]  [0/5]  eta: 0:01:16  lr: 0.001000  loss: 0.1614 (0.1614)  loss_classifier: 0.0356 (0.0356)  loss_box_reg: 0.0199 (0.0199)  loss_mask: 0.1033 (0.1033)  loss_objectness: 0.0020 (0.0020)  loss_rpn_box_reg: 0.0006 (0.0006)  time: 15.3201  data: 0.0014
Epoch: [1]  [1/5]  eta: 0:01:01  lr: 0.001000  loss: 0.1614 (0.2163)  loss_classifier: 0.0356 (0.0489)  loss_box_reg: 0.0199 (0.0335)  loss_mask: 0.1033 (0.1271)  loss_objectness: 0.0020 (0.0045)  loss_rpn_box_reg: 0.0006 (0.0024)  time: 15.3416  data: 0.0012
Epoch: [1]  [2/5]  eta: 0:00:47  lr: 0.001000  loss: 0.2713 (0.3321)  loss_classifier: 0.0621 (0.0772)  loss_box_reg: 0.0471 (0.0577)  loss_mask: 0.1509 (0.1763)  loss_objectness: 0.0069 (0.0177)  loss_rpn_box_reg: 0.0043 (0.0032)  time: 15.9324  data: 0.0010
Epoch: [1]  [3/5]  eta: 0:00:30  lr: 0.001000  loss: 0.1614 (0.2842)  loss_classifier: 0.0377 (0.0673)  loss_box_reg: 0.0211 (0.0486)  loss_mask: 0.1033 (0.1509)  loss_objectness: 0.0036 (0.0142)  loss_rpn_box_reg: 0.0032 (0.0032)  time: 15.4079  data: 0.0010
Epoch: [1]  [4/5]  eta: 0:00:15  lr: 0.001000  loss: 0.2713 (0.3697)  loss_classifier: 0.0621 (0.0867)  loss_box_reg: 0.0471 (0.0604)  loss_mask: 0.1509 (0.1949)  loss_objectness: 0.0069 (0.0235)  loss_rpn_box_reg: 0.0043 (0.0042)  time: 15.5579  data: 0.0010
Epoch: [1] Total time: 0:01:17 (15.5583 s / it)
Epoch: [2]  [0/5]  eta: 0:01:12  lr: 0.001000  loss: 0.1591 (0.1591)  loss_classifier: 0.0350 (0.0350)  loss_box_reg: 0.0185 (0.0185)  loss_mask: 0.0971 (0.0971)  loss_objectness: 0.0078 (0.0078)  loss_rpn_box_reg: 0.0006 (0.0006)  time: 14.5607  data: 0.0025
Epoch: [2]  [1/5]  eta: 0:00:59  lr: 0.001000  loss: 0.1591 (0.2048)  loss_classifier: 0.0350 (0.0461)  loss_box_reg: 0.0185 (0.0313)  loss_mask: 0.0971 (0.1147)  loss_objectness: 0.0078 (0.0097)  loss_rpn_box_reg: 0.0006 (0.0029)  time: 14.9743  data: 0.0015
Epoch: [2]  [2/5]  eta: 0:00:47  lr: 0.001000  loss: 0.2506 (0.2959)  loss_classifier: 0.0573 (0.0642)  loss_box_reg: 0.0441 (0.0518)  loss_mask: 0.1323 (0.1608)  loss_objectness: 0.0116 (0.0153)  loss_rpn_box_reg: 0.0053 (0.0038)  time: 15.8667  data: 0.0012
Epoch: [2]  [3/5]  eta: 0:00:35  lr: 0.001000  loss: 0.1591 (0.2589)  loss_classifier: 0.0368 (0.0574)  loss_box_reg: 0.0288 (0.0460)  loss_mask: 0.0971 (0.1397)  loss_objectness: 0.0078 (0.0121)  loss_rpn_box_reg: 0.0034 (0.0037)  time: 17.9014  data: 0.0012
Epoch: [2]  [4/5]  eta: 0:00:19  lr: 0.001000  loss: 0.2506 (0.3264)  loss_classifier: 0.0573 (0.0690)  loss_box_reg: 0.0441 (0.0554)  loss_mask: 0.1323 (0.1792)  loss_objectness: 0.0116 (0.0186)  loss_rpn_box_reg: 0.0053 (0.0043)  time: 19.2219  data: 0.0011
Epoch: [2] Total time: 0:01:36 (19.2222 s / it)
Epoch: [2]  [0/5]  eta: 0:01:12  lr: 0.001000  loss: 0.1591 (0.1591)  loss_classifier: 0.0350 (0.0350)  loss_box_reg: 0.0185 (0.0185)  loss_mask: 0.0971 (0.0971)  loss_objectness: 0.0078 (0.0078)  loss_rpn_box_reg: 0.0006 (0.0006)  time: 14.5607  data: 0.0025
Epoch: [2]  [1/5]  eta: 0:00:59  lr: 0.001000  loss: 0.1591 (0.2048)  loss_classifier: 0.0350 (0.0461)  loss_box_reg: 0.0185 (0.0313)  loss_mask: 0.0971 (0.1147)  loss_objectness: 0.0078 (0.0097)  loss_rpn_box_reg: 0.0006 (0.0029)  time: 14.9743  data: 0.0015
Epoch: [2]  [2/5]  eta: 0:00:47  lr: 0.001000  loss: 0.2506 (0.2959)  loss_classifier: 0.0573 (0.0642)  loss_box_reg: 0.0441 (0.0518)  loss_mask: 0.1323 (0.1608)  loss_objectness: 0.0116 (0.0153)  loss_rpn_box_reg: 0.0053 (0.0038)  time: 15.8667  data: 0.0012
Epoch: [2]  [3/5]  eta: 0:00:35  lr: 0.001000  loss: 0.1591 (0.2589)  loss_classifier: 0.0368 (0.0574)  loss_box_reg: 0.0288 (0.0460)  loss_mask: 0.0971 (0.1397)  loss_objectness: 0.0078 (0.0121)  loss_rpn_box_reg: 0.0034 (0.0037)  time: 17.9014  data: 0.0012
Epoch: [2]  [4/5]  eta: 0:00:19  lr: 0.001000  loss: 0.2506 (0.3264)  loss_classifier: 0.0573 (0.0690)  loss_box_reg: 0.0441 (0.0554)  loss_mask: 0.1323 (0.1792)  loss_objectness: 0.0116 (0.0186)  loss_rpn_box_reg: 0.0053 (0.0043)  time: 19.2219  data: 0.0011
Epoch: [2] Total time: 0:01:36 (19.2222 s / it)
Epoch: [2]  [0/5]  eta: 0:01:12  lr: 0.001000  loss: 0.1591 (0.1591)  loss_classifier: 0.0350 (0.0350)  loss_box_reg: 0.0185 (0.0185)  loss_mask: 0.0971 (0.0971)  loss_objectness: 0.0078 (0.0078)  loss_rpn_box_reg: 0.0006 (0.0006)  time: 14.5607  data: 0.0025
Epoch: [2]  [1/5]  eta: 0:00:59  lr: 0.001000  loss: 0.1591 (0.2048)  loss_classifier: 0.0350 (0.0461)  loss_box_reg: 0.0185 (0.0313)  loss_mask: 0.0971 (0.1147)  loss_objectness: 0.0078 (0.0097)  loss_rpn_box_reg: 0.0006 (0.0029)  time: 14.9743  data: 0.0015
Epoch: [2]  [2/5]  eta: 0:00:47  lr: 0.001000  loss: 0.2506 (0.2959)  loss_classifier: 0.0573 (0.0642)  loss_box_reg: 0.0441 (0.0518)  loss_mask: 0.1323 (0.1608)  loss_objectness: 0.0116 (0.0153)  loss_rpn_box_reg: 0.0053 (0.0038)  time: 15.8667  data: 0.0012
Epoch: [2]  [3/5]  eta: 0:00:35  lr: 0.001000  loss: 0.1591 (0.2589)  loss_classifier: 0.0368 (0.0574)  loss_box_reg: 0.0288 (0.0460)  loss_mask: 0.0971 (0.1397)  loss_objectness: 0.0078 (0.0121)  loss_rpn_box_reg: 0.0034 (0.0037)  time: 17.9014  data: 0.0012
Epoch: [2]  [4/5]  eta: 0:00:19  lr: 0.001000  loss: 0.2506 (0.3264)  loss_classifier: 0.0573 (0.0690)  loss_box_reg: 0.0441 (0.0554)  loss_mask: 0.1323 (0.1792)  loss_objectness: 0.0116 (0.0186)  loss_rpn_box_reg: 0.0053 (0.0043)  time: 19.2219  data: 0.0011
Epoch: [2] Total time: 0:01:36 (19.2222 s / it)
